2012/07/11 20:54:29 [error] [exception.CHttpException.403] exception 'CHttpException' with message 'You are not allowed to access this page.' in /var/www/gis/framework/gii/GiiModule.php:165
Stack trace:
#0 /var/www/gis/framework/web/CController.php(264): GiiModule->beforeControllerAction(Object(DefaultController), Object(CInlineAction))
#1 /var/www/gis/framework/web/CWebApplication.php(276): CController->run('')
#2 /var/www/gis/framework/web/CWebApplication.php(135): CWebApplication->runController('gii')
#3 /var/www/gis/framework/base/CApplication.php(162): CWebApplication->processRequest()
#4 /var/www/gis/gis/index.php(13): CApplication->run()
#5 {main}
REQUEST_URI=/gis/index.php?r=gii
---
2012/07/11 21:52:48 [error] [exception.CHttpException.403] exception 'CHttpException' with message 'You are not allowed to access this page.' in /var/www/gis/framework/gii/GiiModule.php:165
Stack trace:
#0 /var/www/gis/framework/web/CController.php(264): GiiModule->beforeControllerAction(Object(DefaultController), Object(CInlineAction))
#1 /var/www/gis/framework/web/CWebApplication.php(276): CController->run('')
#2 /var/www/gis/framework/web/CWebApplication.php(135): CWebApplication->runController('gii')
#3 /var/www/gis/framework/base/CApplication.php(162): CWebApplication->processRequest()
#4 /var/www/gis/gis/index.php(13): CApplication->run()
#5 {main}
REQUEST_URI=/gis/index.php?r=gii
---
2012/07/11 22:36:49 [error] [exception.CHttpException.404] exception 'CHttpException' with message 'Unable to resolve the request "gis".' in /var/www/gis/framework/web/CWebApplication.php:280
Stack trace:
#0 /var/www/gis/framework/web/CWebApplication.php(135): CWebApplication->runController('gis')
#1 /var/www/gis/framework/base/CApplication.php(162): CWebApplication->processRequest()
#2 /var/www/gis/gis/index.php(13): CApplication->run()
#3 {main}
REQUEST_URI=/gis/index.php?r=gis
---
2012/07/11 22:38:30 [error] [exception.CHttpException.404] exception 'CHttpException' with message 'Unable to resolve the request "gis/index".' in /var/www/gis/framework/web/CWebApplication.php:280
Stack trace:
#0 /var/www/gis/framework/web/CWebApplication.php(135): CWebApplication->runController('gis/index')
#1 /var/www/gis/framework/base/CApplication.php(162): CWebApplication->processRequest()
#2 /var/www/gis/gis/index.php(13): CApplication->run()
#3 {main}
REQUEST_URI=/gis/index.php?r=gis/index
---
2012/07/11 22:40:40 [error] [exception.CHttpException.404] exception 'CHttpException' with message 'Unable to resolve the request "gis/index".' in /var/www/gis/framework/web/CWebApplication.php:280
Stack trace:
#0 /var/www/gis/framework/web/CWebApplication.php(135): CWebApplication->runController('gis/index')
#1 /var/www/gis/framework/base/CApplication.php(162): CWebApplication->processRequest()
#2 /var/www/gis/gis/index.php(13): CApplication->run()
#3 {main}
REQUEST_URI=/gis/index.php?r=gis/index
---
2012/07/11 22:40:41 [error] [exception.CHttpException.404] exception 'CHttpException' with message 'Unable to resolve the request "gis/index".' in /var/www/gis/framework/web/CWebApplication.php:280
Stack trace:
#0 /var/www/gis/framework/web/CWebApplication.php(135): CWebApplication->runController('gis/index')
#1 /var/www/gis/framework/base/CApplication.php(162): CWebApplication->processRequest()
#2 /var/www/gis/gis/index.php(13): CApplication->run()
#3 {main}
REQUEST_URI=/gis/index.php?r=gis/index
---
2012/07/11 22:40:42 [error] [exception.CHttpException.404] exception 'CHttpException' with message 'Unable to resolve the request "gis/index".' in /var/www/gis/framework/web/CWebApplication.php:280
Stack trace:
#0 /var/www/gis/framework/web/CWebApplication.php(135): CWebApplication->runController('gis/index')
#1 /var/www/gis/framework/base/CApplication.php(162): CWebApplication->processRequest()
#2 /var/www/gis/gis/index.php(13): CApplication->run()
#3 {main}
REQUEST_URI=/gis/index.php?r=gis/index
---
2012/07/11 22:41:31 [error] [exception.CHttpException.404] exception 'CHttpException' with message 'Unable to resolve the request "gis/index".' in /var/www/gis/framework/web/CWebApplication.php:280
Stack trace:
#0 /var/www/gis/framework/web/CWebApplication.php(135): CWebApplication->runController('gis/index')
#1 /var/www/gis/framework/base/CApplication.php(162): CWebApplication->processRequest()
#2 /var/www/gis/gis/index.php(13): CApplication->run()
#3 {main}
REQUEST_URI=/gis/index.php?r=gis/index
---
2012/07/11 22:41:32 [error] [exception.CHttpException.404] exception 'CHttpException' with message 'Unable to resolve the request "gis/index".' in /var/www/gis/framework/web/CWebApplication.php:280
Stack trace:
#0 /var/www/gis/framework/web/CWebApplication.php(135): CWebApplication->runController('gis/index')
#1 /var/www/gis/framework/base/CApplication.php(162): CWebApplication->processRequest()
#2 /var/www/gis/gis/index.php(13): CApplication->run()
#3 {main}
REQUEST_URI=/gis/index.php?r=gis/index
---
2012/07/11 23:04:46 [error] [exception.CHttpException.404] exception 'CHttpException' with message 'Unable to resolve the request "gis".' in /var/www/gis/framework/web/CWebApplication.php:280
Stack trace:
#0 /var/www/gis/framework/web/CWebApplication.php(135): CWebApplication->runController('gis')
#1 /var/www/gis/framework/base/CApplication.php(162): CWebApplication->processRequest()
#2 /var/www/gis/gis/index.php(13): CApplication->run()
#3 {main}
REQUEST_URI=/gis/index.php/gis
---
2012/07/14 15:24:06 [error] [exception.CHttpException.404] exception 'CHttpException' with message 'The system is unable to find the requested action "indexdfdsfsdfsdfsd".' in /var/www/gis/framework/web/CController.php:484
Stack trace:
#0 /var/www/gis/framework/web/CController.php(271): CController->missingAction('indexdfdsfsdfsd...')
#1 /var/www/gis/framework/web/CWebApplication.php(276): CController->run('indexdfdsfsdfsd...')
#2 /var/www/gis/framework/web/CWebApplication.php(135): CWebApplication->runController('site/indexdfdsf...')
#3 /var/www/gis/framework/base/CApplication.php(162): CWebApplication->processRequest()
#4 /var/www/gis/gis/index.php(13): CApplication->run()
#5 {main}
REQUEST_URI=/gis/index.php?r=site/indexdfdsfsdfsdfsd
---
2012/07/14 17:27:49 [error] [exception.CHttpException.404] exception 'CHttpException' with message 'The system is unable to find the requested action "indexdfdsfsdfsdfsd".' in /var/www/gis/framework/web/CController.php:484
Stack trace:
#0 /var/www/gis/framework/web/CController.php(271): CController->missingAction('indexdfdsfsdfsd...')
#1 /var/www/gis/framework/web/CWebApplication.php(276): CController->run('indexdfdsfsdfsd...')
#2 /var/www/gis/framework/web/CWebApplication.php(135): CWebApplication->runController('site/indexdfdsf...')
#3 /var/www/gis/framework/base/CApplication.php(162): CWebApplication->processRequest()
#4 /var/www/gis/gis/index.php(13): CApplication->run()
#5 {main}
REQUEST_URI=/gis/index.php?r=site/indexdfdsfsdfsdfsd
---
2012/07/14 17:27:59 [error] [exception.CHttpException.404] exception 'CHttpException' with message 'The system is unable to find the requested action "indexdfdsfsdfsdfsd".' in /var/www/gis/framework/web/CController.php:484
Stack trace:
#0 /var/www/gis/framework/web/CController.php(271): CController->missingAction('indexdfdsfsdfsd...')
#1 /var/www/gis/framework/web/CWebApplication.php(276): CController->run('indexdfdsfsdfsd...')
#2 /var/www/gis/framework/web/CWebApplication.php(135): CWebApplication->runController('site/indexdfdsf...')
#3 /var/www/gis/framework/base/CApplication.php(162): CWebApplication->processRequest()
#4 /var/www/gis/gis/index.php(13): CApplication->run()
#5 {main}
REQUEST_URI=/gis/index.php?r=site/indexdfdsfsdfsdfsd
---
2012/07/14 17:28:37 [error] [exception.CHttpException.404] exception 'CHttpException' with message 'The system is unable to find the requested action "indexdfdsfsdfsdfsd".' in /var/www/gis/framework/web/CController.php:484
Stack trace:
#0 /var/www/gis/framework/web/CController.php(271): CController->missingAction('indexdfdsfsdfsd...')
#1 /var/www/gis/framework/web/CWebApplication.php(276): CController->run('indexdfdsfsdfsd...')
#2 /var/www/gis/framework/web/CWebApplication.php(135): CWebApplication->runController('site/indexdfdsf...')
#3 /var/www/gis/framework/base/CApplication.php(162): CWebApplication->processRequest()
#4 /var/www/gis/gis/index.php(13): CApplication->run()
#5 {main}
REQUEST_URI=/gis/index.php?r=site/indexdfdsfsdfsdfsd
---
2012/07/14 22:28:21 [error] [exception.CHttpException.404] exception 'CHttpException' with message 'The system is unable to find the requested action "layer".' in /var/www/gis/framework/web/CController.php:484
Stack trace:
#0 /var/www/gis/framework/web/CController.php(271): CController->missingAction('layer')
#1 /var/www/gis/framework/web/CWebApplication.php(276): CController->run('layer')
#2 /var/www/gis/framework/web/CWebApplication.php(135): CWebApplication->runController('site/layer')
#3 /var/www/gis/framework/base/CApplication.php(162): CWebApplication->processRequest()
#4 /var/www/gis/gis/index.php(13): CApplication->run()
#5 {main}
REQUEST_URI=/gis/index.php?r=site/layer
---
2012/07/14 23:17:21 [error] [exception.CHttpException.400] exception 'CHttpException' with message 'Your request is invalid.' in /var/www/gis/framework/web/CController.php:337
Stack trace:
#0 /var/www/gis/framework/web/CController.php(310): CController->invalidActionParams(Object(CInlineAction))
#1 /var/www/gis/framework/web/CController.php(287): CController->runAction(Object(CInlineAction))
#2 /var/www/gis/framework/web/CController.php(266): CController->runActionWithFilters(Object(CInlineAction), Array)
#3 /var/www/gis/framework/web/CWebApplication.php(276): CController->run('layers')
#4 /var/www/gis/framework/web/CWebApplication.php(135): CWebApplication->runController('site/layers')
#5 /var/www/gis/framework/base/CApplication.php(162): CWebApplication->processRequest()
#6 /var/www/gis/gis/index.php(13): CApplication->run()
#7 {main}
REQUEST_URI=/gis/index.php?r=site/layers&_dc=1342297041153&node=
HTTP_REFERER=http://web/gis/index.php?site/layers
---
2012/07/14 23:17:34 [error] [exception.CHttpException.400] exception 'CHttpException' with message 'Your request is invalid.' in /var/www/gis/framework/web/CController.php:337
Stack trace:
#0 /var/www/gis/framework/web/CController.php(310): CController->invalidActionParams(Object(CInlineAction))
#1 /var/www/gis/framework/web/CController.php(287): CController->runAction(Object(CInlineAction))
#2 /var/www/gis/framework/web/CController.php(266): CController->runActionWithFilters(Object(CInlineAction), Array)
#3 /var/www/gis/framework/web/CWebApplication.php(276): CController->run('layers')
#4 /var/www/gis/framework/web/CWebApplication.php(135): CWebApplication->runController('site/layers')
#5 /var/www/gis/framework/base/CApplication.php(162): CWebApplication->processRequest()
#6 /var/www/gis/gis/index.php(13): CApplication->run()
#7 {main}
REQUEST_URI=/gis/index.php?r=site/layers&_dc=1342297053774&node=
HTTP_REFERER=http://web/gis/index.php?site/layers
---
2012/07/14 23:17:37 [error] [exception.CHttpException.400] exception 'CHttpException' with message 'Your request is invalid.' in /var/www/gis/framework/web/CController.php:337
Stack trace:
#0 /var/www/gis/framework/web/CController.php(310): CController->invalidActionParams(Object(CInlineAction))
#1 /var/www/gis/framework/web/CController.php(287): CController->runAction(Object(CInlineAction))
#2 /var/www/gis/framework/web/CController.php(266): CController->runActionWithFilters(Object(CInlineAction), Array)
#3 /var/www/gis/framework/web/CWebApplication.php(276): CController->run('layers')
#4 /var/www/gis/framework/web/CWebApplication.php(135): CWebApplication->runController('site/layers')
#5 /var/www/gis/framework/base/CApplication.php(162): CWebApplication->processRequest()
#6 /var/www/gis/gis/index.php(13): CApplication->run()
#7 {main}
REQUEST_URI=/gis/index.php?r=site/layers&_dc=1342297057665&node=
HTTP_REFERER=http://web/gis/index.php?site/layers
---
2012/07/14 23:17:42 [error] [exception.CHttpException.400] exception 'CHttpException' with message 'Your request is invalid.' in /var/www/gis/framework/web/CController.php:337
Stack trace:
#0 /var/www/gis/framework/web/CController.php(310): CController->invalidActionParams(Object(CInlineAction))
#1 /var/www/gis/framework/web/CController.php(287): CController->runAction(Object(CInlineAction))
#2 /var/www/gis/framework/web/CController.php(266): CController->runActionWithFilters(Object(CInlineAction), Array)
#3 /var/www/gis/framework/web/CWebApplication.php(276): CController->run('layers')
#4 /var/www/gis/framework/web/CWebApplication.php(135): CWebApplication->runController('site/layers')
#5 /var/www/gis/framework/base/CApplication.php(162): CWebApplication->processRequest()
#6 /var/www/gis/gis/index.php(13): CApplication->run()
#7 {main}
REQUEST_URI=/gis/index.php?r=site/layers&_dc=1342297062505&node=
HTTP_REFERER=http://web/gis/index.php?site/layers
---
2012/07/14 23:17:44 [error] [exception.CHttpException.400] exception 'CHttpException' with message 'Your request is invalid.' in /var/www/gis/framework/web/CController.php:337
Stack trace:
#0 /var/www/gis/framework/web/CController.php(310): CController->invalidActionParams(Object(CInlineAction))
#1 /var/www/gis/framework/web/CController.php(287): CController->runAction(Object(CInlineAction))
#2 /var/www/gis/framework/web/CController.php(266): CController->runActionWithFilters(Object(CInlineAction), Array)
#3 /var/www/gis/framework/web/CWebApplication.php(276): CController->run('layers')
#4 /var/www/gis/framework/web/CWebApplication.php(135): CWebApplication->runController('site/layers')
#5 /var/www/gis/framework/base/CApplication.php(162): CWebApplication->processRequest()
#6 /var/www/gis/gis/index.php(13): CApplication->run()
#7 {main}
REQUEST_URI=/gis/index.php?r=site/layers&_dc=1342297064656&node=
HTTP_REFERER=http://web/gis/index.php?site/layers
---
2012/07/14 23:17:53 [error] [exception.CHttpException.400] exception 'CHttpException' with message 'Your request is invalid.' in /var/www/gis/framework/web/CController.php:337
Stack trace:
#0 /var/www/gis/framework/web/CController.php(310): CController->invalidActionParams(Object(CInlineAction))
#1 /var/www/gis/framework/web/CController.php(287): CController->runAction(Object(CInlineAction))
#2 /var/www/gis/framework/web/CController.php(266): CController->runActionWithFilters(Object(CInlineAction), Array)
#3 /var/www/gis/framework/web/CWebApplication.php(276): CController->run('layers')
#4 /var/www/gis/framework/web/CWebApplication.php(135): CWebApplication->runController('site/layers')
#5 /var/www/gis/framework/base/CApplication.php(162): CWebApplication->processRequest()
#6 /var/www/gis/gis/index.php(13): CApplication->run()
#7 {main}
REQUEST_URI=/gis/index.php?r=site/layers&_dc=1342297073271&node=
HTTP_REFERER=http://web/gis/index.php?site/layers
---
2012/07/15 13:51:12 [error] [exception.CHttpException.400] exception 'CHttpException' with message 'Your request is invalid.' in /var/www/gis/framework/web/CController.php:337
Stack trace:
#0 /var/www/gis/framework/web/CController.php(310): CController->invalidActionParams(Object(CInlineAction))
#1 /var/www/gis/framework/web/CController.php(287): CController->runAction(Object(CInlineAction))
#2 /var/www/gis/framework/web/CController.php(266): CController->runActionWithFilters(Object(CInlineAction), Array)
#3 /var/www/gis/framework/web/CWebApplication.php(276): CController->run('layers')
#4 /var/www/gis/framework/web/CWebApplication.php(135): CWebApplication->runController('site/layers')
#5 /var/www/gis/framework/base/CApplication.php(162): CWebApplication->processRequest()
#6 /var/www/gis/gis/index.php(13): CApplication->run()
#7 {main}
REQUEST_URI=/gis/index.php?r=site/layers&_dc=1342349473695&node=
HTTP_REFERER=http://web/gis/index.php
---
2012/07/15 13:51:14 [error] [exception.CHttpException.400] exception 'CHttpException' with message 'Your request is invalid.' in /var/www/gis/framework/web/CController.php:337
Stack trace:
#0 /var/www/gis/framework/web/CController.php(310): CController->invalidActionParams(Object(CInlineAction))
#1 /var/www/gis/framework/web/CController.php(287): CController->runAction(Object(CInlineAction))
#2 /var/www/gis/framework/web/CController.php(266): CController->runActionWithFilters(Object(CInlineAction), Array)
#3 /var/www/gis/framework/web/CWebApplication.php(276): CController->run('layers')
#4 /var/www/gis/framework/web/CWebApplication.php(135): CWebApplication->runController('site/layers')
#5 /var/www/gis/framework/base/CApplication.php(162): CWebApplication->processRequest()
#6 /var/www/gis/gis/index.php(13): CApplication->run()
#7 {main}
REQUEST_URI=/gis/index.php?r=site/layers&_dc=1342349475844&node=
HTTP_REFERER=http://web/gis/index.php
---
2012/07/15 13:51:16 [error] [exception.CHttpException.400] exception 'CHttpException' with message 'Your request is invalid.' in /var/www/gis/framework/web/CController.php:337
Stack trace:
#0 /var/www/gis/framework/web/CController.php(310): CController->invalidActionParams(Object(CInlineAction))
#1 /var/www/gis/framework/web/CController.php(287): CController->runAction(Object(CInlineAction))
#2 /var/www/gis/framework/web/CController.php(266): CController->runActionWithFilters(Object(CInlineAction), Array)
#3 /var/www/gis/framework/web/CWebApplication.php(276): CController->run('layers')
#4 /var/www/gis/framework/web/CWebApplication.php(135): CWebApplication->runController('site/layers')
#5 /var/www/gis/framework/base/CApplication.php(162): CWebApplication->processRequest()
#6 /var/www/gis/gis/index.php(13): CApplication->run()
#7 {main}
REQUEST_URI=/gis/index.php?r=site/layers&_dc=1342349477869&node=
HTTP_REFERER=http://web/gis/index.php
---
2012/07/15 13:51:17 [error] [exception.CHttpException.400] exception 'CHttpException' with message 'Your request is invalid.' in /var/www/gis/framework/web/CController.php:337
Stack trace:
#0 /var/www/gis/framework/web/CController.php(310): CController->invalidActionParams(Object(CInlineAction))
#1 /var/www/gis/framework/web/CController.php(287): CController->runAction(Object(CInlineAction))
#2 /var/www/gis/framework/web/CController.php(266): CController->runActionWithFilters(Object(CInlineAction), Array)
#3 /var/www/gis/framework/web/CWebApplication.php(276): CController->run('layers')
#4 /var/www/gis/framework/web/CWebApplication.php(135): CWebApplication->runController('site/layers')
#5 /var/www/gis/framework/base/CApplication.php(162): CWebApplication->processRequest()
#6 /var/www/gis/gis/index.php(13): CApplication->run()
#7 {main}
REQUEST_URI=/gis/index.php?r=site/layers&_dc=1342349479017&node=
HTTP_REFERER=http://web/gis/index.php
---
2012/07/15 13:51:23 [error] [exception.CHttpException.400] exception 'CHttpException' with message 'Your request is invalid.' in /var/www/gis/framework/web/CController.php:337
Stack trace:
#0 /var/www/gis/framework/web/CController.php(310): CController->invalidActionParams(Object(CInlineAction))
#1 /var/www/gis/framework/web/CController.php(287): CController->runAction(Object(CInlineAction))
#2 /var/www/gis/framework/web/CController.php(266): CController->runActionWithFilters(Object(CInlineAction), Array)
#3 /var/www/gis/framework/web/CWebApplication.php(276): CController->run('layers')
#4 /var/www/gis/framework/web/CWebApplication.php(135): CWebApplication->runController('site/layers')
#5 /var/www/gis/framework/base/CApplication.php(162): CWebApplication->processRequest()
#6 /var/www/gis/gis/index.php(13): CApplication->run()
#7 {main}
REQUEST_URI=/gis/index.php?r=site/layers&_dc=1342349484802&node=
HTTP_REFERER=http://web/gis/index.php
---
2012/07/15 19:53:37 [error] [exception.CHttpException.400] exception 'CHttpException' with message 'Your request is invalid.' in /var/www/gis/framework/web/CController.php:337
Stack trace:
#0 /var/www/gis/framework/web/CController.php(310): CController->invalidActionParams(Object(CInlineAction))
#1 /var/www/gis/framework/web/CController.php(287): CController->runAction(Object(CInlineAction))
#2 /var/www/gis/framework/web/CController.php(266): CController->runActionWithFilters(Object(CInlineAction), Array)
#3 /var/www/gis/framework/web/CWebApplication.php(276): CController->run('layers')
#4 /var/www/gis/framework/web/CWebApplication.php(135): CWebApplication->runController('site/layers')
#5 /var/www/gis/framework/base/CApplication.php(162): CWebApplication->processRequest()
#6 /var/www/gis/gis/index.php(13): CApplication->run()
#7 {main}
REQUEST_URI=/gis/index.php?r=site/layers&_dc=1342371216243&node=
HTTP_REFERER=http://web/gis/index.php
---
2012/07/15 19:53:39 [error] [exception.CHttpException.400] exception 'CHttpException' with message 'Your request is invalid.' in /var/www/gis/framework/web/CController.php:337
Stack trace:
#0 /var/www/gis/framework/web/CController.php(310): CController->invalidActionParams(Object(CInlineAction))
#1 /var/www/gis/framework/web/CController.php(287): CController->runAction(Object(CInlineAction))
#2 /var/www/gis/framework/web/CController.php(266): CController->runActionWithFilters(Object(CInlineAction), Array)
#3 /var/www/gis/framework/web/CWebApplication.php(276): CController->run('layers')
#4 /var/www/gis/framework/web/CWebApplication.php(135): CWebApplication->runController('site/layers')
#5 /var/www/gis/framework/base/CApplication.php(162): CWebApplication->processRequest()
#6 /var/www/gis/gis/index.php(13): CApplication->run()
#7 {main}
REQUEST_URI=/gis/index.php?r=site/layers&_dc=1342371218360&node=
HTTP_REFERER=http://web/gis/index.php
---
2012/07/15 19:53:42 [error] [exception.CHttpException.400] exception 'CHttpException' with message 'Your request is invalid.' in /var/www/gis/framework/web/CController.php:337
Stack trace:
#0 /var/www/gis/framework/web/CController.php(310): CController->invalidActionParams(Object(CInlineAction))
#1 /var/www/gis/framework/web/CController.php(287): CController->runAction(Object(CInlineAction))
#2 /var/www/gis/framework/web/CController.php(266): CController->runActionWithFilters(Object(CInlineAction), Array)
#3 /var/www/gis/framework/web/CWebApplication.php(276): CController->run('layers')
#4 /var/www/gis/framework/web/CWebApplication.php(135): CWebApplication->runController('site/layers')
#5 /var/www/gis/framework/base/CApplication.php(162): CWebApplication->processRequest()
#6 /var/www/gis/gis/index.php(13): CApplication->run()
#7 {main}
REQUEST_URI=/gis/index.php?r=site/layers&_dc=1342371221755&node=
HTTP_REFERER=http://web/gis/index.php
---
2012/07/15 19:53:43 [error] [exception.CHttpException.400] exception 'CHttpException' with message 'Your request is invalid.' in /var/www/gis/framework/web/CController.php:337
Stack trace:
#0 /var/www/gis/framework/web/CController.php(310): CController->invalidActionParams(Object(CInlineAction))
#1 /var/www/gis/framework/web/CController.php(287): CController->runAction(Object(CInlineAction))
#2 /var/www/gis/framework/web/CController.php(266): CController->runActionWithFilters(Object(CInlineAction), Array)
#3 /var/www/gis/framework/web/CWebApplication.php(276): CController->run('layers')
#4 /var/www/gis/framework/web/CWebApplication.php(135): CWebApplication->runController('site/layers')
#5 /var/www/gis/framework/base/CApplication.php(162): CWebApplication->processRequest()
#6 /var/www/gis/gis/index.php(13): CApplication->run()
#7 {main}
REQUEST_URI=/gis/index.php?r=site/layers&_dc=1342371223164&node=
HTTP_REFERER=http://web/gis/index.php
---
2012/07/15 22:54:03 [error] [exception.CHttpException.400] exception 'CHttpException' with message 'Your request is invalid.' in /var/www/gis/framework/web/CController.php:337
Stack trace:
#0 /var/www/gis/framework/web/CController.php(310): CController->invalidActionParams(Object(CInlineAction))
#1 /var/www/gis/framework/web/CController.php(287): CController->runAction(Object(CInlineAction))
#2 /var/www/gis/framework/web/CController.php(266): CController->runActionWithFilters(Object(CInlineAction), Array)
#3 /var/www/gis/framework/web/CWebApplication.php(276): CController->run('layers')
#4 /var/www/gis/framework/web/CWebApplication.php(135): CWebApplication->runController('site/layers')
#5 /var/www/gis/framework/base/CApplication.php(162): CWebApplication->processRequest()
#6 /var/www/gis/gis/index.php(13): CApplication->run()
#7 {main}
REQUEST_URI=/gis/index.php?r=site/layers&_dc=1342382025439&node=
HTTP_REFERER=http://web/gis/index.php
---
2012/07/15 23:17:12 [error] [exception.CHttpException.400] exception 'CHttpException' with message 'Your request is invalid.' in /var/www/gis/framework/web/CController.php:337
Stack trace:
#0 /var/www/gis/framework/web/CController.php(310): CController->invalidActionParams(Object(CInlineAction))
#1 /var/www/gis/framework/web/CController.php(287): CController->runAction(Object(CInlineAction))
#2 /var/www/gis/framework/web/CController.php(266): CController->runActionWithFilters(Object(CInlineAction), Array)
#3 /var/www/gis/framework/web/CWebApplication.php(276): CController->run('layers')
#4 /var/www/gis/framework/web/CWebApplication.php(135): CWebApplication->runController('site/layers')
#5 /var/www/gis/framework/base/CApplication.php(162): CWebApplication->processRequest()
#6 /var/www/gis/gis/index.php(13): CApplication->run()
#7 {main}
REQUEST_URI=/gis/index.php?r=site/layers&_dc=1342383412252&node=
HTTP_REFERER=http://web/gis/index.php?site/layers
---
2012/07/15 23:19:42 [error] [exception.CHttpException.400] exception 'CHttpException' with message 'Your request is invalid.' in /var/www/gis/framework/web/CController.php:337
Stack trace:
#0 /var/www/gis/framework/web/CController.php(310): CController->invalidActionParams(Object(CInlineAction))
#1 /var/www/gis/framework/web/CController.php(287): CController->runAction(Object(CInlineAction))
#2 /var/www/gis/framework/web/CController.php(266): CController->runActionWithFilters(Object(CInlineAction), Array)
#3 /var/www/gis/framework/web/CWebApplication.php(276): CController->run('layers')
#4 /var/www/gis/framework/web/CWebApplication.php(135): CWebApplication->runController('site/layers')
#5 /var/www/gis/framework/base/CApplication.php(162): CWebApplication->processRequest()
#6 /var/www/gis/gis/index.php(13): CApplication->run()
#7 {main}
REQUEST_URI=/gis/index.php?r=site/layers&_dc=1342383561601&node=
HTTP_REFERER=http://web/gis/index.php?site/layers
---
2012/07/15 23:40:02 [error] [exception.CHttpException.400] exception 'CHttpException' with message 'Your request is invalid.' in /var/www/gis/framework/web/CController.php:337
Stack trace:
#0 /var/www/gis/framework/web/CController.php(310): CController->invalidActionParams(Object(CInlineAction))
#1 /var/www/gis/framework/web/CController.php(287): CController->runAction(Object(CInlineAction))
#2 /var/www/gis/framework/web/CController.php(266): CController->runActionWithFilters(Object(CInlineAction), Array)
#3 /var/www/gis/framework/web/CWebApplication.php(276): CController->run('layers')
#4 /var/www/gis/framework/web/CWebApplication.php(135): CWebApplication->runController('site/layers')
#5 /var/www/gis/framework/base/CApplication.php(162): CWebApplication->processRequest()
#6 /var/www/gis/gis/index.php(13): CApplication->run()
#7 {main}
REQUEST_URI=/gis/index.php?r=site/layers&_dc=1342384779792&node=
HTTP_REFERER=http://web/gis/index.php?site/layers
---
2012/07/16 22:14:31 [error] [exception.CHttpException.404] exception 'CHttpException' with message 'The system is unable to find the requested action "gettypes".' in /var/www/gis/framework/web/CController.php:484
Stack trace:
#0 /var/www/gis/framework/web/CController.php(271): CController->missingAction('gettypes')
#1 /var/www/gis/framework/web/CWebApplication.php(276): CController->run('gettypes')
#2 /var/www/gis/framework/web/CWebApplication.php(135): CWebApplication->runController('point/gettypes')
#3 /var/www/gis/framework/base/CApplication.php(162): CWebApplication->processRequest()
#4 /var/www/gis/gis/index.php(13): CApplication->run()
#5 {main}
REQUEST_URI=/gis/index.php?r=point/gettypes
---
2012/07/16 22:14:39 [error] [exception.CHttpException.404] exception 'CHttpException' with message 'The system is unable to find the requested action "getTypes".' in /var/www/gis/framework/web/CController.php:484
Stack trace:
#0 /var/www/gis/framework/web/CController.php(271): CController->missingAction('getTypes')
#1 /var/www/gis/framework/web/CWebApplication.php(276): CController->run('getTypes')
#2 /var/www/gis/framework/web/CWebApplication.php(135): CWebApplication->runController('point/getTypes')
#3 /var/www/gis/framework/base/CApplication.php(162): CWebApplication->processRequest()
#4 /var/www/gis/gis/index.php(13): CApplication->run()
#5 {main}
REQUEST_URI=/gis/index.php?r=point/getTypes
---
2012/07/16 22:14:46 [error] [exception.CHttpException.404] exception 'CHttpException' with message 'The system is unable to find the requested action "GetTypes".' in /var/www/gis/framework/web/CController.php:484
Stack trace:
#0 /var/www/gis/framework/web/CController.php(271): CController->missingAction('GetTypes')
#1 /var/www/gis/framework/web/CWebApplication.php(276): CController->run('GetTypes')
#2 /var/www/gis/framework/web/CWebApplication.php(135): CWebApplication->runController('point/GetTypes')
#3 /var/www/gis/framework/base/CApplication.php(162): CWebApplication->processRequest()
#4 /var/www/gis/gis/index.php(13): CApplication->run()
#5 {main}
REQUEST_URI=/gis/index.php?r=point/GetTypes
---
2012/07/16 22:15:13 [error] [exception.CHttpException.404] exception 'CHttpException' with message 'The system is unable to find the requested action "types".' in /var/www/gis/framework/web/CController.php:484
Stack trace:
#0 /var/www/gis/framework/web/CController.php(271): CController->missingAction('types')
#1 /var/www/gis/framework/web/CWebApplication.php(276): CController->run('types')
#2 /var/www/gis/framework/web/CWebApplication.php(135): CWebApplication->runController('point/types')
#3 /var/www/gis/framework/base/CApplication.php(162): CWebApplication->processRequest()
#4 /var/www/gis/gis/index.php(13): CApplication->run()
#5 {main}
REQUEST_URI=/gis/index.php?r=point/types
---
2012/07/16 22:15:44 [error] [exception.CHttpException.404] exception 'CHttpException' with message 'The system is unable to find the requested action "gettypes".' in /var/www/gis/framework/web/CController.php:484
Stack trace:
#0 /var/www/gis/framework/web/CController.php(271): CController->missingAction('gettypes')
#1 /var/www/gis/framework/web/CWebApplication.php(276): CController->run('gettypes')
#2 /var/www/gis/framework/web/CWebApplication.php(135): CWebApplication->runController('point/gettypes')
#3 /var/www/gis/framework/base/CApplication.php(162): CWebApplication->processRequest()
#4 /var/www/gis/gis/index.php(13): CApplication->run()
#5 {main}
REQUEST_URI=/gis/index.php?r=point/gettypes
---
2012/07/16 22:15:51 [error] [exception.CHttpException.404] exception 'CHttpException' with message 'The system is unable to find the requested action "getTypes".' in /var/www/gis/framework/web/CController.php:484
Stack trace:
#0 /var/www/gis/framework/web/CController.php(271): CController->missingAction('getTypes')
#1 /var/www/gis/framework/web/CWebApplication.php(276): CController->run('getTypes')
#2 /var/www/gis/framework/web/CWebApplication.php(135): CWebApplication->runController('point/getTypes')
#3 /var/www/gis/framework/base/CApplication.php(162): CWebApplication->processRequest()
#4 /var/www/gis/gis/index.php(13): CApplication->run()
#5 {main}
REQUEST_URI=/gis/index.php?r=point/getTypes
---
2012/07/16 22:16:02 [error] [exception.CHttpException.404] exception 'CHttpException' with message 'The system is unable to find the requested action "GetTypes".' in /var/www/gis/framework/web/CController.php:484
Stack trace:
#0 /var/www/gis/framework/web/CController.php(271): CController->missingAction('GetTypes')
#1 /var/www/gis/framework/web/CWebApplication.php(276): CController->run('GetTypes')
#2 /var/www/gis/framework/web/CWebApplication.php(135): CWebApplication->runController('point/GetTypes')
#3 /var/www/gis/framework/base/CApplication.php(162): CWebApplication->processRequest()
#4 /var/www/gis/gis/index.php(13): CApplication->run()
#5 {main}
REQUEST_URI=/gis/index.php?r=point/GetTypes
---
2012/07/16 22:46:08 [error] [exception.CHttpException.400] exception 'CHttpException' with message 'Your request is invalid.' in /var/www/gis/framework/web/CController.php:337
Stack trace:
#0 /var/www/gis/framework/web/CController.php(310): CController->invalidActionParams(Object(CInlineAction))
#1 /var/www/gis/framework/web/CController.php(287): CController->runAction(Object(CInlineAction))
#2 /var/www/gis/framework/web/CController.php(266): CController->runActionWithFilters(Object(CInlineAction), Array)
#3 /var/www/gis/framework/web/CWebApplication.php(276): CController->run('layers')
#4 /var/www/gis/framework/web/CWebApplication.php(135): CWebApplication->runController('site/layers')
#5 /var/www/gis/framework/base/CApplication.php(162): CWebApplication->processRequest()
#6 /var/www/gis/gis/index.php(13): CApplication->run()
#7 {main}
REQUEST_URI=/gis/index.php?r=site/layers&_dc=1342467968305&node=
HTTP_REFERER=http://web/gis/
---
2012/07/16 22:46:13 [error] [exception.CHttpException.400] exception 'CHttpException' with message 'Your request is invalid.' in /var/www/gis/framework/web/CController.php:337
Stack trace:
#0 /var/www/gis/framework/web/CController.php(310): CController->invalidActionParams(Object(CInlineAction))
#1 /var/www/gis/framework/web/CController.php(287): CController->runAction(Object(CInlineAction))
#2 /var/www/gis/framework/web/CController.php(266): CController->runActionWithFilters(Object(CInlineAction), Array)
#3 /var/www/gis/framework/web/CWebApplication.php(276): CController->run('layers')
#4 /var/www/gis/framework/web/CWebApplication.php(135): CWebApplication->runController('site/layers')
#5 /var/www/gis/framework/base/CApplication.php(162): CWebApplication->processRequest()
#6 /var/www/gis/gis/index.php(13): CApplication->run()
#7 {main}
REQUEST_URI=/gis/index.php?r=site/layers&_dc=1342467973442&node=
HTTP_REFERER=http://web/gis/
---
2012/07/16 22:46:15 [error] [exception.CHttpException.400] exception 'CHttpException' with message 'Your request is invalid.' in /var/www/gis/framework/web/CController.php:337
Stack trace:
#0 /var/www/gis/framework/web/CController.php(310): CController->invalidActionParams(Object(CInlineAction))
#1 /var/www/gis/framework/web/CController.php(287): CController->runAction(Object(CInlineAction))
#2 /var/www/gis/framework/web/CController.php(266): CController->runActionWithFilters(Object(CInlineAction), Array)
#3 /var/www/gis/framework/web/CWebApplication.php(276): CController->run('layers')
#4 /var/www/gis/framework/web/CWebApplication.php(135): CWebApplication->runController('site/layers')
#5 /var/www/gis/framework/base/CApplication.php(162): CWebApplication->processRequest()
#6 /var/www/gis/gis/index.php(13): CApplication->run()
#7 {main}
REQUEST_URI=/gis/index.php?r=site/layers&_dc=1342467974932&node=
HTTP_REFERER=http://web/gis/
---
2012/07/16 22:46:16 [error] [exception.CHttpException.400] exception 'CHttpException' with message 'Your request is invalid.' in /var/www/gis/framework/web/CController.php:337
Stack trace:
#0 /var/www/gis/framework/web/CController.php(310): CController->invalidActionParams(Object(CInlineAction))
#1 /var/www/gis/framework/web/CController.php(287): CController->runAction(Object(CInlineAction))
#2 /var/www/gis/framework/web/CController.php(266): CController->runActionWithFilters(Object(CInlineAction), Array)
#3 /var/www/gis/framework/web/CWebApplication.php(276): CController->run('layers')
#4 /var/www/gis/framework/web/CWebApplication.php(135): CWebApplication->runController('site/layers')
#5 /var/www/gis/framework/base/CApplication.php(162): CWebApplication->processRequest()
#6 /var/www/gis/gis/index.php(13): CApplication->run()
#7 {main}
REQUEST_URI=/gis/index.php?r=site/layers&_dc=1342467976218&node=
HTTP_REFERER=http://web/gis/
---
2012/07/16 22:46:17 [error] [exception.CHttpException.400] exception 'CHttpException' with message 'Your request is invalid.' in /var/www/gis/framework/web/CController.php:337
Stack trace:
#0 /var/www/gis/framework/web/CController.php(310): CController->invalidActionParams(Object(CInlineAction))
#1 /var/www/gis/framework/web/CController.php(287): CController->runAction(Object(CInlineAction))
#2 /var/www/gis/framework/web/CController.php(266): CController->runActionWithFilters(Object(CInlineAction), Array)
#3 /var/www/gis/framework/web/CWebApplication.php(276): CController->run('layers')
#4 /var/www/gis/framework/web/CWebApplication.php(135): CWebApplication->runController('site/layers')
#5 /var/www/gis/framework/base/CApplication.php(162): CWebApplication->processRequest()
#6 /var/www/gis/gis/index.php(13): CApplication->run()
#7 {main}
REQUEST_URI=/gis/index.php?r=site/layers&_dc=1342467977671&node=
HTTP_REFERER=http://web/gis/
---
2012/07/16 23:17:50 [error] [php] include(Points.php): failed to open stream: No such file or directory (/var/www/gis/framework/YiiBase.php:418)
Stack trace:
#0 /var/www/gis/gis/protected/controllers/SiteController.php(71): spl_autoload_call()
#1 unknown(0): SiteController->actionLayers()
#2 /var/www/gis/framework/web/actions/CAction.php(107): ReflectionMethod->invokeArgs()
#3 /var/www/gis/framework/web/actions/CInlineAction.php(48): CInlineAction->runWithParamsInternal()
#4 /var/www/gis/framework/web/CController.php(309): CInlineAction->runWithParams()
#5 /var/www/gis/framework/web/CController.php(287): SiteController->runAction()
#6 /var/www/gis/framework/web/CController.php(266): SiteController->runActionWithFilters()
#7 /var/www/gis/framework/web/CWebApplication.php(276): SiteController->run()
#8 /var/www/gis/framework/web/CWebApplication.php(135): CWebApplication->runController()
#9 /var/www/gis/framework/base/CApplication.php(162): CWebApplication->processRequest()
#10 /var/www/gis/gis/index.php(13): CWebApplication->run()
REQUEST_URI=/gis/index.php?r=site/layers&_dc=1342469606034&node=pnt-1&id=pnt-34
in /var/www/gis/gis/protected/controllers/SiteController.php (71)
in /var/www/gis/gis/index.php (13)
2012/07/16 23:19:01 [error] [system.db.CDbCommand] CDbCommand::fetchAll() failed: SQLSTATE[42S22]: Column not found: 1054 Unknown column 'id' in 'where clause'. The SQL statement executed was: SELECT * FROM `point` `t` WHERE id.
in /var/www/gis/gis/protected/controllers/SiteController.php (71)
in /var/www/gis/gis/index.php (13)
2012/07/16 23:19:01 [error] [exception.CDbException] exception 'CDbException' with message 'CDbCommand failed to execute the SQL statement: SQLSTATE[42S22]: Column not found: 1054 Unknown column 'id' in 'where clause'. The SQL statement executed was: SELECT * FROM `point` `t` WHERE id' in /var/www/gis/framework/db/CDbCommand.php:528
Stack trace:
#0 /var/www/gis/framework/db/CDbCommand.php(390): CDbCommand->queryInternal('fetchAll', Array, Array)
#1 /var/www/gis/framework/db/ar/CActiveRecord.php(1287): CDbCommand->queryAll()
#2 /var/www/gis/framework/db/ar/CActiveRecord.php(1406): CActiveRecord->query(Object(CDbCriteria), true)
#3 /var/www/gis/gis/protected/controllers/SiteController.php(71): CActiveRecord->findAll('id', '34')
#4 [internal function]: SiteController->actionLayers('pnt-1', 'pnt-34')
#5 /var/www/gis/framework/web/actions/CAction.php(107): ReflectionMethod->invokeArgs(Object(SiteController), Array)
#6 /var/www/gis/framework/web/actions/CInlineAction.php(48): CAction->runWithParamsInternal(Object(SiteController), Object(ReflectionMethod), Array)
#7 /var/www/gis/framework/web/CController.php(309): CInlineAction->runWithParams(Array)
#8 /var/www/gis/framework/web/CController.php(287): CController->runAction(Object(CInlineAction))
#9 /var/www/gis/framework/web/CController.php(266): CController->runActionWithFilters(Object(CInlineAction), Array)
#10 /var/www/gis/framework/web/CWebApplication.php(276): CController->run('layers')
#11 /var/www/gis/framework/web/CWebApplication.php(135): CWebApplication->runController('site/layers')
#12 /var/www/gis/framework/base/CApplication.php(162): CWebApplication->processRequest()
#13 /var/www/gis/gis/index.php(13): CApplication->run()
#14 {main}
REQUEST_URI=/gis/index.php?r=site/layers&_dc=1342469606034&node=pnt-1&id=pnt-34
---
2012/07/16 23:19:32 [error] [exception.CException] exception 'CException' with message 'Property "Point.id" is not defined.' in /var/www/gis/framework/base/CComponent.php:131
Stack trace:
#0 /var/www/gis/framework/db/ar/CActiveRecord.php(144): CComponent->__get('id')
#1 /var/www/gis/gis/protected/controllers/SiteController.php(73): CActiveRecord->__get('id')
#2 [internal function]: SiteController->actionLayers('pnt-1', 'pnt-34')
#3 /var/www/gis/framework/web/actions/CAction.php(107): ReflectionMethod->invokeArgs(Object(SiteController), Array)
#4 /var/www/gis/framework/web/actions/CInlineAction.php(48): CAction->runWithParamsInternal(Object(SiteController), Object(ReflectionMethod), Array)
#5 /var/www/gis/framework/web/CController.php(309): CInlineAction->runWithParams(Array)
#6 /var/www/gis/framework/web/CController.php(287): CController->runAction(Object(CInlineAction))
#7 /var/www/gis/framework/web/CController.php(266): CController->runActionWithFilters(Object(CInlineAction), Array)
#8 /var/www/gis/framework/web/CWebApplication.php(276): CController->run('layers')
#9 /var/www/gis/framework/web/CWebApplication.php(135): CWebApplication->runController('site/layers')
#10 /var/www/gis/framework/base/CApplication.php(162): CWebApplication->processRequest()
#11 /var/www/gis/gis/index.php(13): CApplication->run()
#12 {main}
REQUEST_URI=/gis/index.php?r=site/layers&_dc=1342469606034&node=pnt-1&id=pnt-34
---
2012/07/16 23:21:58 [error] [exception.CException] exception 'CException' with message 'Property "Point.id" is not defined.' in /var/www/gis/framework/base/CComponent.php:131
Stack trace:
#0 /var/www/gis/framework/db/ar/CActiveRecord.php(144): CComponent->__get('id')
#1 /var/www/gis/gis/protected/controllers/SiteController.php(73): CActiveRecord->__get('id')
#2 [internal function]: SiteController->actionLayers('pnt-1', 'pnt-34')
#3 /var/www/gis/framework/web/actions/CAction.php(107): ReflectionMethod->invokeArgs(Object(SiteController), Array)
#4 /var/www/gis/framework/web/actions/CInlineAction.php(48): CAction->runWithParamsInternal(Object(SiteController), Object(ReflectionMethod), Array)
#5 /var/www/gis/framework/web/CController.php(309): CInlineAction->runWithParams(Array)
#6 /var/www/gis/framework/web/CController.php(287): CController->runAction(Object(CInlineAction))
#7 /var/www/gis/framework/web/CController.php(266): CController->runActionWithFilters(Object(CInlineAction), Array)
#8 /var/www/gis/framework/web/CWebApplication.php(276): CController->run('layers')
#9 /var/www/gis/framework/web/CWebApplication.php(135): CWebApplication->runController('site/layers')
#10 /var/www/gis/framework/base/CApplication.php(162): CWebApplication->processRequest()
#11 /var/www/gis/gis/index.php(13): CApplication->run()
#12 {main}
REQUEST_URI=/gis/index.php?r=site/layers&_dc=1342469606034&node=pnt-1&id=pnt-34
---
2012/07/16 23:23:41 [error] [system.db.CDbCommand] CDbCommand::fetchAll() failed: SQLSTATE[42S22]: Column not found: 1054 Unknown column 'Pt' in 'where clause'. The SQL statement executed was: SELECT * FROM `point` `t` WHERE Pt=:postID.
in /var/www/gis/gis/protected/controllers/SiteController.php (71)
in /var/www/gis/gis/index.php (13)
2012/07/16 23:23:41 [error] [exception.CDbException] exception 'CDbException' with message 'CDbCommand failed to execute the SQL statement: SQLSTATE[42S22]: Column not found: 1054 Unknown column 'Pt' in 'where clause'. The SQL statement executed was: SELECT * FROM `point` `t` WHERE Pt=:postID' in /var/www/gis/framework/db/CDbCommand.php:528
Stack trace:
#0 /var/www/gis/framework/db/CDbCommand.php(390): CDbCommand->queryInternal('fetchAll', Array, Array)
#1 /var/www/gis/framework/db/ar/CActiveRecord.php(1287): CDbCommand->queryAll()
#2 /var/www/gis/framework/db/ar/CActiveRecord.php(1406): CActiveRecord->query(Object(CDbCriteria), true)
#3 /var/www/gis/gis/protected/controllers/SiteController.php(71): CActiveRecord->findAll('Pt=:postID', Array)
#4 [internal function]: SiteController->actionLayers('pnt-1', 'pnt-34')
#5 /var/www/gis/framework/web/actions/CAction.php(107): ReflectionMethod->invokeArgs(Object(SiteController), Array)
#6 /var/www/gis/framework/web/actions/CInlineAction.php(48): CAction->runWithParamsInternal(Object(SiteController), Object(ReflectionMethod), Array)
#7 /var/www/gis/framework/web/CController.php(309): CInlineAction->runWithParams(Array)
#8 /var/www/gis/framework/web/CController.php(287): CController->runAction(Object(CInlineAction))
#9 /var/www/gis/framework/web/CController.php(266): CController->runActionWithFilters(Object(CInlineAction), Array)
#10 /var/www/gis/framework/web/CWebApplication.php(276): CController->run('layers')
#11 /var/www/gis/framework/web/CWebApplication.php(135): CWebApplication->runController('site/layers')
#12 /var/www/gis/framework/base/CApplication.php(162): CWebApplication->processRequest()
#13 /var/www/gis/gis/index.php(13): CApplication->run()
#14 {main}
REQUEST_URI=/gis/index.php?r=site/layers&_dc=1342469606034&node=pnt-1&id=pnt-34
---
2012/07/16 23:25:03 [error] [exception.CException] exception 'CException' with message 'Property "Point.id" is not defined.' in /var/www/gis/framework/base/CComponent.php:131
Stack trace:
#0 /var/www/gis/framework/db/ar/CActiveRecord.php(144): CComponent->__get('id')
#1 /var/www/gis/gis/protected/controllers/SiteController.php(73): CActiveRecord->__get('id')
#2 [internal function]: SiteController->actionLayers('pnt-1', 'pnt-34')
#3 /var/www/gis/framework/web/actions/CAction.php(107): ReflectionMethod->invokeArgs(Object(SiteController), Array)
#4 /var/www/gis/framework/web/actions/CInlineAction.php(48): CAction->runWithParamsInternal(Object(SiteController), Object(ReflectionMethod), Array)
#5 /var/www/gis/framework/web/CController.php(309): CInlineAction->runWithParams(Array)
#6 /var/www/gis/framework/web/CController.php(287): CController->runAction(Object(CInlineAction))
#7 /var/www/gis/framework/web/CController.php(266): CController->runActionWithFilters(Object(CInlineAction), Array)
#8 /var/www/gis/framework/web/CWebApplication.php(276): CController->run('layers')
#9 /var/www/gis/framework/web/CWebApplication.php(135): CWebApplication->runController('site/layers')
#10 /var/www/gis/framework/base/CApplication.php(162): CWebApplication->processRequest()
#11 /var/www/gis/gis/index.php(13): CApplication->run()
#12 {main}
REQUEST_URI=/gis/index.php?r=site/layers&_dc=1342469606034&node=pnt-1&id=pnt-34
---
2012/07/16 23:25:22 [error] [system.db.CDbCommand] CDbCommand::fetchAll() failed: SQLSTATE[42S22]: Column not found: 1054 Unknown column 'Pt' in 'where clause'. The SQL statement executed was: SELECT * FROM `point` `t` WHERE Pt=34.
in /var/www/gis/gis/protected/controllers/SiteController.php (71)
in /var/www/gis/gis/index.php (13)
2012/07/16 23:25:22 [error] [exception.CDbException] exception 'CDbException' with message 'CDbCommand failed to execute the SQL statement: SQLSTATE[42S22]: Column not found: 1054 Unknown column 'Pt' in 'where clause'. The SQL statement executed was: SELECT * FROM `point` `t` WHERE Pt=34' in /var/www/gis/framework/db/CDbCommand.php:528
Stack trace:
#0 /var/www/gis/framework/db/CDbCommand.php(390): CDbCommand->queryInternal('fetchAll', Array, Array)
#1 /var/www/gis/framework/db/ar/CActiveRecord.php(1287): CDbCommand->queryAll()
#2 /var/www/gis/framework/db/ar/CActiveRecord.php(1406): CActiveRecord->query(Object(CDbCriteria), true)
#3 /var/www/gis/gis/protected/controllers/SiteController.php(71): CActiveRecord->findAll('Pt=34')
#4 [internal function]: SiteController->actionLayers('pnt-1', 'pnt-34')
#5 /var/www/gis/framework/web/actions/CAction.php(107): ReflectionMethod->invokeArgs(Object(SiteController), Array)
#6 /var/www/gis/framework/web/actions/CInlineAction.php(48): CAction->runWithParamsInternal(Object(SiteController), Object(ReflectionMethod), Array)
#7 /var/www/gis/framework/web/CController.php(309): CInlineAction->runWithParams(Array)
#8 /var/www/gis/framework/web/CController.php(287): CController->runAction(Object(CInlineAction))
#9 /var/www/gis/framework/web/CController.php(266): CController->runActionWithFilters(Object(CInlineAction), Array)
#10 /var/www/gis/framework/web/CWebApplication.php(276): CController->run('layers')
#11 /var/www/gis/framework/web/CWebApplication.php(135): CWebApplication->runController('site/layers')
#12 /var/www/gis/framework/base/CApplication.php(162): CWebApplication->processRequest()
#13 /var/www/gis/gis/index.php(13): CApplication->run()
#14 {main}
REQUEST_URI=/gis/index.php?r=site/layers&_dc=1342469606034&node=pnt-1&id=pnt-34
---
2012/07/16 23:25:43 [error] [exception.CException] exception 'CException' with message 'Property "Point.id" is not defined.' in /var/www/gis/framework/base/CComponent.php:131
Stack trace:
#0 /var/www/gis/framework/db/ar/CActiveRecord.php(144): CComponent->__get('id')
#1 /var/www/gis/gis/protected/controllers/SiteController.php(73): CActiveRecord->__get('id')
#2 [internal function]: SiteController->actionLayers('pnt-1', 'pnt-34')
#3 /var/www/gis/framework/web/actions/CAction.php(107): ReflectionMethod->invokeArgs(Object(SiteController), Array)
#4 /var/www/gis/framework/web/actions/CInlineAction.php(48): CAction->runWithParamsInternal(Object(SiteController), Object(ReflectionMethod), Array)
#5 /var/www/gis/framework/web/CController.php(309): CInlineAction->runWithParams(Array)
#6 /var/www/gis/framework/web/CController.php(287): CController->runAction(Object(CInlineAction))
#7 /var/www/gis/framework/web/CController.php(266): CController->runActionWithFilters(Object(CInlineAction), Array)
#8 /var/www/gis/framework/web/CWebApplication.php(276): CController->run('layers')
#9 /var/www/gis/framework/web/CWebApplication.php(135): CWebApplication->runController('site/layers')
#10 /var/www/gis/framework/base/CApplication.php(162): CWebApplication->processRequest()
#11 /var/www/gis/gis/index.php(13): CApplication->run()
#12 {main}
REQUEST_URI=/gis/index.php?r=site/layers&_dc=1342469606034&node=pnt-1&id=pnt-34
---
2012/07/16 23:26:57 [error] [system.db.CDbCommand] CDbCommand::fetch() failed: SQLSTATE[42000]: Syntax error or access violation: 1064 You have an error in your SQL syntax; check the manual that corresponds to your MySQL server version for the right syntax to use near 'pt_id=34' at line 1. The SQL statement executed was: pt_id=34.
in /var/www/gis/gis/protected/controllers/SiteController.php (71)
in /var/www/gis/gis/index.php (13)
2012/07/16 23:26:57 [error] [exception.CDbException] exception 'CDbException' with message 'CDbCommand failed to execute the SQL statement: SQLSTATE[42000]: Syntax error or access violation: 1064 You have an error in your SQL syntax; check the manual that corresponds to your MySQL server version for the right syntax to use near 'pt_id=34' at line 1. The SQL statement executed was: pt_id=34' in /var/www/gis/framework/db/CDbCommand.php:528
Stack trace:
#0 /var/www/gis/framework/db/CDbCommand.php(408): CDbCommand->queryInternal('fetch', Array, Array)
#1 /var/www/gis/framework/db/ar/CActiveRecord.php(1494): CDbCommand->queryRow()
#2 /var/www/gis/gis/protected/controllers/SiteController.php(71): CActiveRecord->findBySql('pt_id=34')
#3 [internal function]: SiteController->actionLayers('pnt-1', 'pnt-34')
#4 /var/www/gis/framework/web/actions/CAction.php(107): ReflectionMethod->invokeArgs(Object(SiteController), Array)
#5 /var/www/gis/framework/web/actions/CInlineAction.php(48): CAction->runWithParamsInternal(Object(SiteController), Object(ReflectionMethod), Array)
#6 /var/www/gis/framework/web/CController.php(309): CInlineAction->runWithParams(Array)
#7 /var/www/gis/framework/web/CController.php(287): CController->runAction(Object(CInlineAction))
#8 /var/www/gis/framework/web/CController.php(266): CController->runActionWithFilters(Object(CInlineAction), Array)
#9 /var/www/gis/framework/web/CWebApplication.php(276): CController->run('layers')
#10 /var/www/gis/framework/web/CWebApplication.php(135): CWebApplication->runController('site/layers')
#11 /var/www/gis/framework/base/CApplication.php(162): CWebApplication->processRequest()
#12 /var/www/gis/gis/index.php(13): CApplication->run()
#13 {main}
REQUEST_URI=/gis/index.php?r=site/layers&_dc=1342469606034&node=pnt-1&id=pnt-34
---
2012/07/16 23:27:40 [error] [system.db.CDbCommand] CDbCommand::fetch() failed: SQLSTATE[42000]: Syntax error or access violation: 1064 You have an error in your SQL syntax; check the manual that corresponds to your MySQL server version for the right syntax to use near '`pt_id`='34'' at line 1. The SQL statement executed was: `pt_id`='34'.
in /var/www/gis/gis/protected/controllers/SiteController.php (71)
in /var/www/gis/gis/index.php (13)
2012/07/16 23:27:40 [error] [exception.CDbException] exception 'CDbException' with message 'CDbCommand failed to execute the SQL statement: SQLSTATE[42000]: Syntax error or access violation: 1064 You have an error in your SQL syntax; check the manual that corresponds to your MySQL server version for the right syntax to use near '`pt_id`='34'' at line 1. The SQL statement executed was: `pt_id`='34'' in /var/www/gis/framework/db/CDbCommand.php:528
Stack trace:
#0 /var/www/gis/framework/db/CDbCommand.php(408): CDbCommand->queryInternal('fetch', Array, Array)
#1 /var/www/gis/framework/db/ar/CActiveRecord.php(1494): CDbCommand->queryRow()
#2 /var/www/gis/gis/protected/controllers/SiteController.php(71): CActiveRecord->findBySql('`pt_id`='34'')
#3 [internal function]: SiteController->actionLayers('pnt-1', 'pnt-34')
#4 /var/www/gis/framework/web/actions/CAction.php(107): ReflectionMethod->invokeArgs(Object(SiteController), Array)
#5 /var/www/gis/framework/web/actions/CInlineAction.php(48): CAction->runWithParamsInternal(Object(SiteController), Object(ReflectionMethod), Array)
#6 /var/www/gis/framework/web/CController.php(309): CInlineAction->runWithParams(Array)
#7 /var/www/gis/framework/web/CController.php(287): CController->runAction(Object(CInlineAction))
#8 /var/www/gis/framework/web/CController.php(266): CController->runActionWithFilters(Object(CInlineAction), Array)
#9 /var/www/gis/framework/web/CWebApplication.php(276): CController->run('layers')
#10 /var/www/gis/framework/web/CWebApplication.php(135): CWebApplication->runController('site/layers')
#11 /var/www/gis/framework/base/CApplication.php(162): CWebApplication->processRequest()
#12 /var/www/gis/gis/index.php(13): CApplication->run()
#13 {main}
REQUEST_URI=/gis/index.php?r=site/layers&_dc=1342469606034&node=pnt-1&id=pnt-34
---
2012/07/16 23:27:58 [error] [system.db.CDbCommand] CDbCommand::fetch() failed: SQLSTATE[42000]: Syntax error or access violation: 1064 You have an error in your SQL syntax; check the manual that corresponds to your MySQL server version for the right syntax to use near ''pt_id'='34'' at line 1. The SQL statement executed was: 'pt_id'='34'.
in /var/www/gis/gis/protected/controllers/SiteController.php (71)
in /var/www/gis/gis/index.php (13)
2012/07/16 23:27:58 [error] [exception.CDbException] exception 'CDbException' with message 'CDbCommand failed to execute the SQL statement: SQLSTATE[42000]: Syntax error or access violation: 1064 You have an error in your SQL syntax; check the manual that corresponds to your MySQL server version for the right syntax to use near ''pt_id'='34'' at line 1. The SQL statement executed was: 'pt_id'='34'' in /var/www/gis/framework/db/CDbCommand.php:528
Stack trace:
#0 /var/www/gis/framework/db/CDbCommand.php(408): CDbCommand->queryInternal('fetch', Array, Array)
#1 /var/www/gis/framework/db/ar/CActiveRecord.php(1494): CDbCommand->queryRow()
#2 /var/www/gis/gis/protected/controllers/SiteController.php(71): CActiveRecord->findBySql(''pt_id'='34'')
#3 [internal function]: SiteController->actionLayers('pnt-1', 'pnt-34')
#4 /var/www/gis/framework/web/actions/CAction.php(107): ReflectionMethod->invokeArgs(Object(SiteController), Array)
#5 /var/www/gis/framework/web/actions/CInlineAction.php(48): CAction->runWithParamsInternal(Object(SiteController), Object(ReflectionMethod), Array)
#6 /var/www/gis/framework/web/CController.php(309): CInlineAction->runWithParams(Array)
#7 /var/www/gis/framework/web/CController.php(287): CController->runAction(Object(CInlineAction))
#8 /var/www/gis/framework/web/CController.php(266): CController->runActionWithFilters(Object(CInlineAction), Array)
#9 /var/www/gis/framework/web/CWebApplication.php(276): CController->run('layers')
#10 /var/www/gis/framework/web/CWebApplication.php(135): CWebApplication->runController('site/layers')
#11 /var/www/gis/framework/base/CApplication.php(162): CWebApplication->processRequest()
#12 /var/www/gis/gis/index.php(13): CApplication->run()
#13 {main}
REQUEST_URI=/gis/index.php?r=site/layers&_dc=1342469606034&node=pnt-1&id=pnt-34
---
2012/07/16 23:32:20 [error] [exception.CException] exception 'CException' with message 'Property "Point.id" is not defined.' in /var/www/gis/framework/base/CComponent.php:131
Stack trace:
#0 /var/www/gis/framework/db/ar/CActiveRecord.php(144): CComponent->__get('id')
#1 /var/www/gis/gis/protected/controllers/SiteController.php(73): CActiveRecord->__get('id')
#2 [internal function]: SiteController->actionLayers('pnt-1', 'pnt-1')
#3 /var/www/gis/framework/web/actions/CAction.php(107): ReflectionMethod->invokeArgs(Object(SiteController), Array)
#4 /var/www/gis/framework/web/actions/CInlineAction.php(48): CAction->runWithParamsInternal(Object(SiteController), Object(ReflectionMethod), Array)
#5 /var/www/gis/framework/web/CController.php(309): CInlineAction->runWithParams(Array)
#6 /var/www/gis/framework/web/CController.php(287): CController->runAction(Object(CInlineAction))
#7 /var/www/gis/framework/web/CController.php(266): CController->runActionWithFilters(Object(CInlineAction), Array)
#8 /var/www/gis/framework/web/CWebApplication.php(276): CController->run('layers')
#9 /var/www/gis/framework/web/CWebApplication.php(135): CWebApplication->runController('site/layers')
#10 /var/www/gis/framework/base/CApplication.php(162): CWebApplication->processRequest()
#11 /var/www/gis/gis/index.php(13): CApplication->run()
#12 {main}
REQUEST_URI=/gis/index.php?r=site/layers&_dc=1342469606034&node=pnt-1&id=pnt-1
---
2012/07/16 23:56:20 [error] [php] Undefined variable: line (/var/www/gis/gis/protected/controllers/SiteController.php:80)
Stack trace:
#0 /var/www/gis/framework/web/actions/CInlineAction.php(48): CInlineAction->runWithParamsInternal()
#1 /var/www/gis/framework/web/CController.php(309): CInlineAction->runWithParams()
#2 /var/www/gis/framework/web/CController.php(287): SiteController->runAction()
#3 /var/www/gis/framework/web/CController.php(266): SiteController->runActionWithFilters()
#4 /var/www/gis/framework/web/CWebApplication.php(276): SiteController->run()
#5 /var/www/gis/framework/web/CWebApplication.php(135): CWebApplication->runController()
#6 /var/www/gis/framework/base/CApplication.php(162): CWebApplication->processRequest()
#7 /var/www/gis/gis/index.php(13): CWebApplication->run()
REQUEST_URI=/gis/index.php?r=site/layers&_dc=1342472180689&node=ln-3&sort=%5B%7B%22property%22%3A%22leaf%22%2C%22direction%22%3A%22ASC%22%7D%2C%7B%22property%22%3A%22text%22%2C%22direction%22%3A%22ASC%22%7D%5D&id=ln-3
in /var/www/gis/gis/protected/controllers/SiteController.php (80)
in /var/www/gis/gis/index.php (13)
2012/07/16 23:57:17 [error] [php] Undefined variable: line (/var/www/gis/gis/protected/controllers/SiteController.php:80)
Stack trace:
#0 /var/www/gis/framework/web/actions/CInlineAction.php(48): CInlineAction->runWithParamsInternal()
#1 /var/www/gis/framework/web/CController.php(309): CInlineAction->runWithParams()
#2 /var/www/gis/framework/web/CController.php(287): SiteController->runAction()
#3 /var/www/gis/framework/web/CController.php(266): SiteController->runActionWithFilters()
#4 /var/www/gis/framework/web/CWebApplication.php(276): SiteController->run()
#5 /var/www/gis/framework/web/CWebApplication.php(135): CWebApplication->runController()
#6 /var/www/gis/framework/base/CApplication.php(162): CWebApplication->processRequest()
#7 /var/www/gis/gis/index.php(13): CWebApplication->run()
REQUEST_URI=/gis/index.php?r=site/layers&_dc=1342472237423&node=ln-3&sort=%5B%7B%22property%22%3A%22leaf%22%2C%22direction%22%3A%22ASC%22%7D%2C%7B%22property%22%3A%22text%22%2C%22direction%22%3A%22ASC%22%7D%5D&id=ln-3
in /var/www/gis/gis/protected/controllers/SiteController.php (80)
in /var/www/gis/gis/index.php (13)
2012/07/16 23:57:25 [error] [php] Undefined variable: line (/var/www/gis/gis/protected/controllers/SiteController.php:80)
Stack trace:
#0 /var/www/gis/framework/web/actions/CInlineAction.php(48): CInlineAction->runWithParamsInternal()
#1 /var/www/gis/framework/web/CController.php(309): CInlineAction->runWithParams()
#2 /var/www/gis/framework/web/CController.php(287): SiteController->runAction()
#3 /var/www/gis/framework/web/CController.php(266): SiteController->runActionWithFilters()
#4 /var/www/gis/framework/web/CWebApplication.php(276): SiteController->run()
#5 /var/www/gis/framework/web/CWebApplication.php(135): CWebApplication->runController()
#6 /var/www/gis/framework/base/CApplication.php(162): CWebApplication->processRequest()
#7 /var/www/gis/gis/index.php(13): CWebApplication->run()
REQUEST_URI=/gis/index.php?r=site/layers&_dc=1342472237423&node=ln-3&sort=%5B%7B%22property%22%3A%22leaf%22%2C%22direction%22%3A%22ASC%22%7D%2C%7B%22property%22%3A%22text%22%2C%22direction%22%3A%22ASC%22%7D%5D&id=ln-3
in /var/www/gis/gis/protected/controllers/SiteController.php (80)
in /var/www/gis/gis/index.php (13)
2012/07/17 00:00:40 [error] [exception.CException] exception 'CException' with message 'Property "Line.frm_tp_id" is not defined.' in /var/www/gis/framework/base/CComponent.php:131
Stack trace:
#0 /var/www/gis/framework/db/ar/CActiveRecord.php(144): CComponent->__get('frm_tp_id')
#1 /var/www/gis/framework/base/CModel.php(593): CActiveRecord->__get('frm_tp_id')
#2 /var/www/gis/gis/protected/controllers/SiteController.php(85): CModel->offsetGet('frm_tp_id')
#3 [internal function]: SiteController->actionLayers('ln-6', 'ln-6')
#4 /var/www/gis/framework/web/actions/CAction.php(107): ReflectionMethod->invokeArgs(Object(SiteController), Array)
#5 /var/www/gis/framework/web/actions/CInlineAction.php(48): CAction->runWithParamsInternal(Object(SiteController), Object(ReflectionMethod), Array)
#6 /var/www/gis/framework/web/CController.php(309): CInlineAction->runWithParams(Array)
#7 /var/www/gis/framework/web/CController.php(287): CController->runAction(Object(CInlineAction))
#8 /var/www/gis/framework/web/CController.php(266): CController->runActionWithFilters(Object(CInlineAction), Array)
#9 /var/www/gis/framework/web/CWebApplication.php(276): CController->run('layers')
#10 /var/www/gis/framework/web/CWebApplication.php(135): CWebApplication->runController('site/layers')
#11 /var/www/gis/framework/base/CApplication.php(162): CWebApplication->processRequest()
#12 /var/www/gis/gis/index.php(13): CApplication->run()
#13 {main}
REQUEST_URI=/gis/index.php?r=site/layers&_dc=1342472439794&node=ln-6&sort=%5B%7B%22property%22%3A%22leaf%22%2C%22direction%22%3A%22ASC%22%7D%2C%7B%22property%22%3A%22text%22%2C%22direction%22%3A%22ASC%22%7D%5D&id=ln-6
HTTP_REFERER=http://web/gis/
---
2012/07/17 00:00:46 [error] [exception.CException] exception 'CException' with message 'Property "Line.frm_tp_id" is not defined.' in /var/www/gis/framework/base/CComponent.php:131
Stack trace:
#0 /var/www/gis/framework/db/ar/CActiveRecord.php(144): CComponent->__get('frm_tp_id')
#1 /var/www/gis/framework/base/CModel.php(593): CActiveRecord->__get('frm_tp_id')
#2 /var/www/gis/gis/protected/controllers/SiteController.php(85): CModel->offsetGet('frm_tp_id')
#3 [internal function]: SiteController->actionLayers('ln-6', 'ln-6')
#4 /var/www/gis/framework/web/actions/CAction.php(107): ReflectionMethod->invokeArgs(Object(SiteController), Array)
#5 /var/www/gis/framework/web/actions/CInlineAction.php(48): CAction->runWithParamsInternal(Object(SiteController), Object(ReflectionMethod), Array)
#6 /var/www/gis/framework/web/CController.php(309): CInlineAction->runWithParams(Array)
#7 /var/www/gis/framework/web/CController.php(287): CController->runAction(Object(CInlineAction))
#8 /var/www/gis/framework/web/CController.php(266): CController->runActionWithFilters(Object(CInlineAction), Array)
#9 /var/www/gis/framework/web/CWebApplication.php(276): CController->run('layers')
#10 /var/www/gis/framework/web/CWebApplication.php(135): CWebApplication->runController('site/layers')
#11 /var/www/gis/framework/base/CApplication.php(162): CWebApplication->processRequest()
#12 /var/www/gis/gis/index.php(13): CApplication->run()
#13 {main}
REQUEST_URI=/gis/index.php?r=site/layers&_dc=1342472439794&node=ln-6&sort=%5B%7B%22property%22%3A%22leaf%22%2C%22direction%22%3A%22ASC%22%7D%2C%7B%22property%22%3A%22text%22%2C%22direction%22%3A%22ASC%22%7D%5D&id=ln-6
---
2012/08/05 13:19:35 [error] [exception.CHttpException.400] exception 'CHttpException' with message 'Your request is invalid.' in /var/www/gis/framework/web/CController.php:337
Stack trace:
#0 /var/www/gis/framework/web/CController.php(310): CController->invalidActionParams(Object(CInlineAction))
#1 /var/www/gis/framework/web/CController.php(287): CController->runAction(Object(CInlineAction))
#2 /var/www/gis/framework/web/CController.php(266): CController->runActionWithFilters(Object(CInlineAction), Array)
#3 /var/www/gis/framework/web/CWebApplication.php(276): CController->run('Getnode')
#4 /var/www/gis/framework/web/CWebApplication.php(135): CWebApplication->runController('Node/Getnode')
#5 /var/www/gis/framework/base/CApplication.php(162): CWebApplication->processRequest()
#6 /var/www/gis/gis/index.php(13): CApplication->run()
#7 {main}
REQUEST_URI=/gis/?r=Node/Getnode
---
2012/08/05 13:19:44 [error] [exception.CHttpException.400] exception 'CHttpException' with message 'Your request is invalid.' in /var/www/gis/framework/web/CController.php:337
Stack trace:
#0 /var/www/gis/framework/web/CController.php(310): CController->invalidActionParams(Object(CInlineAction))
#1 /var/www/gis/framework/web/CController.php(287): CController->runAction(Object(CInlineAction))
#2 /var/www/gis/framework/web/CController.php(266): CController->runActionWithFilters(Object(CInlineAction), Array)
#3 /var/www/gis/framework/web/CWebApplication.php(276): CController->run('Getnode')
#4 /var/www/gis/framework/web/CWebApplication.php(135): CWebApplication->runController('node/Getnode')
#5 /var/www/gis/framework/base/CApplication.php(162): CWebApplication->processRequest()
#6 /var/www/gis/gis/index.php(13): CApplication->run()
#7 {main}
REQUEST_URI=/gis/?r=node/Getnode
---
2012/08/05 13:19:49 [error] [exception.CHttpException.400] exception 'CHttpException' with message 'Your request is invalid.' in /var/www/gis/framework/web/CController.php:337
Stack trace:
#0 /var/www/gis/framework/web/CController.php(310): CController->invalidActionParams(Object(CInlineAction))
#1 /var/www/gis/framework/web/CController.php(287): CController->runAction(Object(CInlineAction))
#2 /var/www/gis/framework/web/CController.php(266): CController->runActionWithFilters(Object(CInlineAction), Array)
#3 /var/www/gis/framework/web/CWebApplication.php(276): CController->run('getnode')
#4 /var/www/gis/framework/web/CWebApplication.php(135): CWebApplication->runController('node/getnode')
#5 /var/www/gis/framework/base/CApplication.php(162): CWebApplication->processRequest()
#6 /var/www/gis/gis/index.php(13): CApplication->run()
#7 {main}
REQUEST_URI=/gis/?r=node/getnode
---
2012/08/05 13:47:55 [error] [php] include(Points.php): failed to open stream: No such file or directory (/var/www/gis/framework/YiiBase.php:418)
Stack trace:
#0 /var/www/gis/gis/protected/controllers/NodeController.php(34): spl_autoload_call()
#1 unknown(0): NodeController->actionGetnode()
#2 /var/www/gis/framework/web/actions/CAction.php(107): ReflectionMethod->invokeArgs()
#3 /var/www/gis/framework/web/actions/CInlineAction.php(48): CInlineAction->runWithParamsInternal()
#4 /var/www/gis/framework/web/CController.php(309): CInlineAction->runWithParams()
#5 /var/www/gis/framework/web/CController.php(287): NodeController->runAction()
#6 /var/www/gis/framework/web/CController.php(266): NodeController->runActionWithFilters()
#7 /var/www/gis/framework/web/CWebApplication.php(276): NodeController->run()
#8 /var/www/gis/framework/web/CWebApplication.php(135): CWebApplication->runController()
#9 /var/www/gis/framework/base/CApplication.php(162): CWebApplication->processRequest()
#10 /var/www/gis/gis/index.php(13): CWebApplication->run()
REQUEST_URI=/gis/?r=node/getnode&id=2
in /var/www/gis/gis/protected/controllers/NodeController.php (34)
in /var/www/gis/gis/index.php (13)
2012/08/05 13:48:17 [error] [php] Trying to get property of non-object (/var/www/gis/gis/protected/controllers/NodeController.php:36)
Stack trace:
#0 /var/www/gis/framework/web/actions/CInlineAction.php(48): CInlineAction->runWithParamsInternal()
#1 /var/www/gis/framework/web/CController.php(309): CInlineAction->runWithParams()
#2 /var/www/gis/framework/web/CController.php(287): NodeController->runAction()
#3 /var/www/gis/framework/web/CController.php(266): NodeController->runActionWithFilters()
#4 /var/www/gis/framework/web/CWebApplication.php(276): NodeController->run()
#5 /var/www/gis/framework/web/CWebApplication.php(135): CWebApplication->runController()
#6 /var/www/gis/framework/base/CApplication.php(162): CWebApplication->processRequest()
#7 /var/www/gis/gis/index.php(13): CWebApplication->run()
REQUEST_URI=/gis/?r=node/getnode&id=2
in /var/www/gis/gis/protected/controllers/NodeController.php (36)
in /var/www/gis/gis/index.php (13)
2012/08/05 13:50:23 [error] [php] Trying to get property of non-object (/var/www/gis/gis/protected/controllers/NodeController.php:36)
Stack trace:
#0 /var/www/gis/framework/web/actions/CInlineAction.php(48): CInlineAction->runWithParamsInternal()
#1 /var/www/gis/framework/web/CController.php(309): CInlineAction->runWithParams()
#2 /var/www/gis/framework/web/CController.php(287): NodeController->runAction()
#3 /var/www/gis/framework/web/CController.php(266): NodeController->runActionWithFilters()
#4 /var/www/gis/framework/web/CWebApplication.php(276): NodeController->run()
#5 /var/www/gis/framework/web/CWebApplication.php(135): CWebApplication->runController()
#6 /var/www/gis/framework/base/CApplication.php(162): CWebApplication->processRequest()
#7 /var/www/gis/gis/index.php(13): CWebApplication->run()
REQUEST_URI=/gis/?r=node/getnode&id=2
in /var/www/gis/gis/protected/controllers/NodeController.php (36)
in /var/www/gis/gis/index.php (13)
2012/08/05 17:29:59 [error] [exception.CHttpException.404] exception 'CHttpException' with message 'Unable to resolve the request "line/getline".' in /var/www/gis/framework/web/CWebApplication.php:280
Stack trace:
#0 /var/www/gis/framework/web/CWebApplication.php(135): CWebApplication->runController('line/getline')
#1 /var/www/gis/framework/base/CApplication.php(162): CWebApplication->processRequest()
#2 /var/www/gis/gis/index.php(13): CApplication->run()
#3 {main}
REQUEST_URI=/gis/?r=line/getline&id=20
---
2012/08/05 17:30:13 [error] [php] Undefined variable: node (/var/www/gis/gis/protected/controllers/LineController.php:38)
Stack trace:
#0 /var/www/gis/framework/web/actions/CInlineAction.php(48): CInlineAction->runWithParamsInternal()
#1 /var/www/gis/framework/web/CController.php(309): CInlineAction->runWithParams()
#2 /var/www/gis/framework/web/CController.php(287): LineController->runAction()
#3 /var/www/gis/framework/web/CController.php(266): LineController->runActionWithFilters()
#4 /var/www/gis/framework/web/CWebApplication.php(276): LineController->run()
#5 /var/www/gis/framework/web/CWebApplication.php(135): CWebApplication->runController()
#6 /var/www/gis/framework/base/CApplication.php(162): CWebApplication->processRequest()
#7 /var/www/gis/gis/index.php(13): CWebApplication->run()
REQUEST_URI=/gis/?r=line/getline&id=20
in /var/www/gis/gis/protected/controllers/LineController.php (38)
in /var/www/gis/gis/index.php (13)
2012/08/05 17:47:38 [error] [php] Undefined variable: nide2 (/var/www/gis/gis/protected/controllers/LineController.php:43)
Stack trace:
#0 /var/www/gis/framework/web/actions/CInlineAction.php(48): CInlineAction->runWithParamsInternal()
#1 /var/www/gis/framework/web/CController.php(309): CInlineAction->runWithParams()
#2 /var/www/gis/framework/web/CController.php(287): LineController->runAction()
#3 /var/www/gis/framework/web/CController.php(266): LineController->runActionWithFilters()
#4 /var/www/gis/framework/web/CWebApplication.php(276): LineController->run()
#5 /var/www/gis/framework/web/CWebApplication.php(135): CWebApplication->runController()
#6 /var/www/gis/framework/base/CApplication.php(162): CWebApplication->processRequest()
#7 /var/www/gis/gis/index.php(13): CWebApplication->run()
REQUEST_URI=/gis/?r=line/getline&id=20
in /var/www/gis/gis/protected/controllers/LineController.php (43)
in /var/www/gis/gis/index.php (13)
2012/08/05 19:49:43 [error] [exception.CHttpException.404] exception 'CHttpException' with message 'The system is unable to find the requested action "gettypes".' in /var/www/gis/framework/web/CController.php:484
Stack trace:
#0 /var/www/gis/framework/web/CController.php(271): CController->missingAction('gettypes')
#1 /var/www/gis/framework/web/CWebApplication.php(276): CController->run('gettypes')
#2 /var/www/gis/framework/web/CWebApplication.php(135): CWebApplication->runController('site/gettypes')
#3 /var/www/gis/framework/base/CApplication.php(162): CWebApplication->processRequest()
#4 /var/www/gis/gis/index.php(13): CApplication->run()
#5 {main}
REQUEST_URI=/gis/?r=site/gettypes
---
2012/08/05 19:51:16 [error] [exception.CHttpException.404] exception 'CHttpException' with message 'The system is unable to find the requested action "gettypes".' in /var/www/gis/framework/web/CController.php:484
Stack trace:
#0 /var/www/gis/framework/web/CController.php(271): CController->missingAction('gettypes')
#1 /var/www/gis/framework/web/CWebApplication.php(276): CController->run('gettypes')
#2 /var/www/gis/framework/web/CWebApplication.php(135): CWebApplication->runController('site/gettypes')
#3 /var/www/gis/framework/base/CApplication.php(162): CWebApplication->processRequest()
#4 /var/www/gis/gis/index.php(13): CApplication->run()
#5 {main}
REQUEST_URI=/gis/?r=site/gettypes
---
2012/08/05 19:51:25 [error] [php] include(TypesLines.php): failed to open stream: No such file or directory (/var/www/gis/framework/YiiBase.php:418)
Stack trace:
#0 /var/www/gis/gis/protected/controllers/LineController.php(24): spl_autoload_call()
#1 /var/www/gis/framework/web/actions/CInlineAction.php(50): LineController->actionGettypes()
#2 /var/www/gis/framework/web/CController.php(309): CInlineAction->runWithParams()
#3 /var/www/gis/framework/web/CController.php(287): LineController->runAction()
#4 /var/www/gis/framework/web/CController.php(266): LineController->runActionWithFilters()
#5 /var/www/gis/framework/web/CWebApplication.php(276): LineController->run()
#6 /var/www/gis/framework/web/CWebApplication.php(135): CWebApplication->runController()
#7 /var/www/gis/framework/base/CApplication.php(162): CWebApplication->processRequest()
#8 /var/www/gis/gis/index.php(13): CWebApplication->run()
REQUEST_URI=/gis/?r=line/gettypes
in /var/www/gis/gis/protected/controllers/LineController.php (24)
in /var/www/gis/gis/index.php (13)
2012/08/20 23:37:34 [error] [exception.CHttpException.404] exception 'CHttpException' with message 'Unable to resolve the request "point/nodeshow".' in /var/www/gis/framework/web/CWebApplication.php:280
Stack trace:
#0 /var/www/gis/framework/web/CWebApplication.php(135): CWebApplication->runController('point/nodeshow')
#1 /var/www/gis/framework/base/CApplication.php(162): CWebApplication->processRequest()
#2 /var/www/gis/gis/index.php(13): CApplication->run()
#3 {main}
REQUEST_URI=/gis/index.php?r=point/nodeshow&id=110&_dc=1345495053905
HTTP_REFERER=http://web/gis/index.php
---
2012/08/21 00:19:42 [error] [exception.CHttpException.404] exception 'CHttpException' with message 'Unable to resolve the request "point/nodeshow".' in /var/www/gis/framework/web/CWebApplication.php:280
Stack trace:
#0 /var/www/gis/framework/web/CWebApplication.php(135): CWebApplication->runController('point/nodeshow')
#1 /var/www/gis/framework/base/CApplication.php(162): CWebApplication->processRequest()
#2 /var/www/gis/gis/index.php(13): CApplication->run()
#3 {main}
REQUEST_URI=/gis/index.php?r=point/nodeshow&id=110&_dc=1345497581869
HTTP_REFERER=http://web/gis/index.php
---
2012/08/21 00:23:22 [error] [exception.CHttpException.404] exception 'CHttpException' with message 'Unable to resolve the request "point/nodeshow".' in /var/www/gis/framework/web/CWebApplication.php:280
Stack trace:
#0 /var/www/gis/framework/web/CWebApplication.php(135): CWebApplication->runController('point/nodeshow')
#1 /var/www/gis/framework/base/CApplication.php(162): CWebApplication->processRequest()
#2 /var/www/gis/gis/index.php(13): CApplication->run()
#3 {main}
REQUEST_URI=/gis/index.php?r=point/nodeshow&id=110&_dc=1345497802487
HTTP_REFERER=http://web/gis/index.php
---
2012/08/21 00:24:11 [error] [exception.CHttpException.404] exception 'CHttpException' with message 'The system is unable to find the requested action "nodeshow".' in /var/www/gis/framework/web/CController.php:484
Stack trace:
#0 /var/www/gis/framework/web/CController.php(271): CController->missingAction('nodeshow')
#1 /var/www/gis/framework/web/CWebApplication.php(276): CController->run('nodeshow')
#2 /var/www/gis/framework/web/CWebApplication.php(135): CWebApplication->runController('node/nodeshow')
#3 /var/www/gis/framework/base/CApplication.php(162): CWebApplication->processRequest()
#4 /var/www/gis/gis/index.php(13): CApplication->run()
#5 {main}
REQUEST_URI=/gis/index.php?r=node/nodeshow&id=110&_dc=1345497851071
HTTP_REFERER=http://web/gis/index.php
---
2012/08/22 00:13:22 [error] [system.db.CDbCommand] CDbCommand::fetch() failed: SQLSTATE[42000]: Syntax error or access violation: 1064 You have an error in your SQL syntax; check the manual that corresponds to your MySQL server version for the right syntax to use near 'to='110' LIMIT 1' at line 1. The SQL statement executed was: SELECT * FROM `lines` `t` WHERE frm_pt_id=:ID OR to=:ID LIMIT 1.
in /var/www/gis/gis/protected/controllers/NodeController.php (35)
in /var/www/gis/gis/index.php (13)
2012/08/22 00:13:22 [error] [exception.CDbException] exception 'CDbException' with message 'CDbCommand failed to execute the SQL statement: SQLSTATE[42000]: Syntax error or access violation: 1064 You have an error in your SQL syntax; check the manual that corresponds to your MySQL server version for the right syntax to use near 'to='110' LIMIT 1' at line 1. The SQL statement executed was: SELECT * FROM `lines` `t` WHERE frm_pt_id=:ID OR to=:ID LIMIT 1' in /var/www/gis/framework/db/CDbCommand.php:528
Stack trace:
#0 /var/www/gis/framework/db/CDbCommand.php(408): CDbCommand->queryInternal('fetch', Array, Array)
#1 /var/www/gis/framework/db/ar/CActiveRecord.php(1287): CDbCommand->queryRow()
#2 /var/www/gis/framework/db/ar/CActiveRecord.php(1392): CActiveRecord->query(Object(CDbCriteria))
#3 /var/www/gis/gis/protected/controllers/NodeController.php(35): CActiveRecord->find('frm_pt_id=:ID O...', Array)
#4 [internal function]: NodeController->actionGetnode('110')
#5 /var/www/gis/framework/web/actions/CAction.php(107): ReflectionMethod->invokeArgs(Object(NodeController), Array)
#6 /var/www/gis/framework/web/actions/CInlineAction.php(48): CAction->runWithParamsInternal(Object(NodeController), Object(ReflectionMethod), Array)
#7 /var/www/gis/framework/web/CController.php(309): CInlineAction->runWithParams(Array)
#8 /var/www/gis/framework/web/CController.php(287): CController->runAction(Object(CInlineAction))
#9 /var/www/gis/framework/web/CController.php(266): CController->runActionWithFilters(Object(CInlineAction), Array)
#10 /var/www/gis/framework/web/CWebApplication.php(276): CController->run('getnode')
#11 /var/www/gis/framework/web/CWebApplication.php(135): CWebApplication->runController('node/getnode')
#12 /var/www/gis/framework/base/CApplication.php(162): CWebApplication->processRequest()
#13 /var/www/gis/gis/index.php(13): CApplication->run()
#14 {main}
REQUEST_URI=/gis/index.php?r=node/getnode&id=110&_dc=1345583601962
HTTP_REFERER=http://web/gis/index.php
---
2012/08/22 00:31:50 [error] [php] Trying to get property of non-object (/var/www/gis/gis/protected/controllers/NodeController.php:38)
Stack trace:
#0 /var/www/gis/framework/web/actions/CInlineAction.php(48): CInlineAction->runWithParamsInternal()
#1 /var/www/gis/framework/web/CController.php(309): CInlineAction->runWithParams()
#2 /var/www/gis/framework/web/CController.php(287): NodeController->runAction()
#3 /var/www/gis/framework/web/CController.php(266): NodeController->runActionWithFilters()
#4 /var/www/gis/framework/web/CWebApplication.php(276): NodeController->run()
#5 /var/www/gis/framework/web/CWebApplication.php(135): CWebApplication->runController()
#6 /var/www/gis/framework/base/CApplication.php(162): CWebApplication->processRequest()
#7 /var/www/gis/gis/index.php(13): CWebApplication->run()
REQUEST_URI=/gis/index.php?r=node/getnode&id=114&_dc=1345584710410
in /var/www/gis/gis/protected/controllers/NodeController.php (38)
in /var/www/gis/gis/index.php (13)
2012/08/22 00:32:42 [error] [php] Trying to get property of non-object (/var/www/gis/gis/protected/controllers/NodeController.php:38)
Stack trace:
#0 /var/www/gis/framework/web/actions/CInlineAction.php(48): CInlineAction->runWithParamsInternal()
#1 /var/www/gis/framework/web/CController.php(309): CInlineAction->runWithParams()
#2 /var/www/gis/framework/web/CController.php(287): NodeController->runAction()
#3 /var/www/gis/framework/web/CController.php(266): NodeController->runActionWithFilters()
#4 /var/www/gis/framework/web/CWebApplication.php(276): NodeController->run()
#5 /var/www/gis/framework/web/CWebApplication.php(135): CWebApplication->runController()
#6 /var/www/gis/framework/base/CApplication.php(162): CWebApplication->processRequest()
#7 /var/www/gis/gis/index.php(13): CWebApplication->run()
REQUEST_URI=/gis/index.php?r=node/getnode&id=115&_dc=1345584762476
in /var/www/gis/gis/protected/controllers/NodeController.php (38)
in /var/www/gis/gis/index.php (13)
2012/08/22 00:37:40 [error] [php] Trying to get property of non-object (/var/www/gis/gis/protected/controllers/NodeController.php:38)
Stack trace:
#0 /var/www/gis/framework/web/actions/CInlineAction.php(48): CInlineAction->runWithParamsInternal()
#1 /var/www/gis/framework/web/CController.php(309): CInlineAction->runWithParams()
#2 /var/www/gis/framework/web/CController.php(287): NodeController->runAction()
#3 /var/www/gis/framework/web/CController.php(266): NodeController->runActionWithFilters()
#4 /var/www/gis/framework/web/CWebApplication.php(276): NodeController->run()
#5 /var/www/gis/framework/web/CWebApplication.php(135): CWebApplication->runController()
#6 /var/www/gis/framework/base/CApplication.php(162): CWebApplication->processRequest()
#7 /var/www/gis/gis/index.php(13): CWebApplication->run()
REQUEST_URI=/gis/index.php?r=node/getnode&id=146&_dc=1345585059756
in /var/www/gis/gis/protected/controllers/NodeController.php (38)
in /var/www/gis/gis/index.php (13)
2012/08/22 00:40:41 [error] [php] Trying to get property of non-object (/var/www/gis/gis/protected/controllers/NodeController.php:39)
Stack trace:
#0 /var/www/gis/framework/web/actions/CInlineAction.php(48): CInlineAction->runWithParamsInternal()
#1 /var/www/gis/framework/web/CController.php(309): CInlineAction->runWithParams()
#2 /var/www/gis/framework/web/CController.php(287): NodeController->runAction()
#3 /var/www/gis/framework/web/CController.php(266): NodeController->runActionWithFilters()
#4 /var/www/gis/framework/web/CWebApplication.php(276): NodeController->run()
#5 /var/www/gis/framework/web/CWebApplication.php(135): CWebApplication->runController()
#6 /var/www/gis/framework/base/CApplication.php(162): CWebApplication->processRequest()
#7 /var/www/gis/gis/index.php(13): CWebApplication->run()
REQUEST_URI=/gis/index.php?r=node/getnode&id=156&_dc=1345585240930
in /var/www/gis/gis/protected/controllers/NodeController.php (39)
in /var/www/gis/gis/index.php (13)
2012/08/22 00:40:58 [error] [php] Trying to get property of non-object (/var/www/gis/gis/protected/controllers/NodeController.php:39)
Stack trace:
#0 /var/www/gis/framework/web/actions/CInlineAction.php(48): CInlineAction->runWithParamsInternal()
#1 /var/www/gis/framework/web/CController.php(309): CInlineAction->runWithParams()
#2 /var/www/gis/framework/web/CController.php(287): NodeController->runAction()
#3 /var/www/gis/framework/web/CController.php(266): NodeController->runActionWithFilters()
#4 /var/www/gis/framework/web/CWebApplication.php(276): NodeController->run()
#5 /var/www/gis/framework/web/CWebApplication.php(135): CWebApplication->runController()
#6 /var/www/gis/framework/base/CApplication.php(162): CWebApplication->processRequest()
#7 /var/www/gis/gis/index.php(13): CWebApplication->run()
REQUEST_URI=/gis/index.php?r=node/getnode&id=152&_dc=1345585257554
in /var/www/gis/gis/protected/controllers/NodeController.php (39)
in /var/www/gis/gis/index.php (13)
2012/08/22 00:41:23 [error] [php] Trying to get property of non-object (/var/www/gis/gis/protected/controllers/NodeController.php:39)
Stack trace:
#0 /var/www/gis/framework/web/actions/CInlineAction.php(48): CInlineAction->runWithParamsInternal()
#1 /var/www/gis/framework/web/CController.php(309): CInlineAction->runWithParams()
#2 /var/www/gis/framework/web/CController.php(287): NodeController->runAction()
#3 /var/www/gis/framework/web/CController.php(266): NodeController->runActionWithFilters()
#4 /var/www/gis/framework/web/CWebApplication.php(276): NodeController->run()
#5 /var/www/gis/framework/web/CWebApplication.php(135): CWebApplication->runController()
#6 /var/www/gis/framework/base/CApplication.php(162): CWebApplication->processRequest()
#7 /var/www/gis/gis/index.php(13): CWebApplication->run()
REQUEST_URI=/gis/index.php?r=node/getnode&id=110&_dc=1345585282990
in /var/www/gis/gis/protected/controllers/NodeController.php (39)
in /var/www/gis/gis/index.php (13)
2012/08/22 00:45:05 [error] [php] Trying to get property of non-object (/var/www/gis/gis/protected/controllers/NodeController.php:39)
Stack trace:
#0 /var/www/gis/framework/web/actions/CInlineAction.php(48): CInlineAction->runWithParamsInternal()
#1 /var/www/gis/framework/web/CController.php(309): CInlineAction->runWithParams()
#2 /var/www/gis/framework/web/CController.php(287): NodeController->runAction()
#3 /var/www/gis/framework/web/CController.php(266): NodeController->runActionWithFilters()
#4 /var/www/gis/framework/web/CWebApplication.php(276): NodeController->run()
#5 /var/www/gis/framework/web/CWebApplication.php(135): CWebApplication->runController()
#6 /var/www/gis/framework/base/CApplication.php(162): CWebApplication->processRequest()
#7 /var/www/gis/gis/index.php(13): CWebApplication->run()
REQUEST_URI=/gis/index.php?r=node/getnode&id=128&_dc=1345585505331
in /var/www/gis/gis/protected/controllers/NodeController.php (39)
in /var/www/gis/gis/index.php (13)
2012/08/22 00:47:25 [error] [exception.CException] exception 'CException' with message 'Property "Line.id" is not defined.' in /var/www/gis/framework/base/CComponent.php:131
Stack trace:
#0 /var/www/gis/framework/db/ar/CActiveRecord.php(144): CComponent->__get('id')
#1 /var/www/gis/gis/protected/controllers/NodeController.php(44): CActiveRecord->__get('id')
#2 [internal function]: NodeController->actionGetnode('146')
#3 /var/www/gis/framework/web/actions/CAction.php(107): ReflectionMethod->invokeArgs(Object(NodeController), Array)
#4 /var/www/gis/framework/web/actions/CInlineAction.php(48): CAction->runWithParamsInternal(Object(NodeController), Object(ReflectionMethod), Array)
#5 /var/www/gis/framework/web/CController.php(309): CInlineAction->runWithParams(Array)
#6 /var/www/gis/framework/web/CController.php(287): CController->runAction(Object(CInlineAction))
#7 /var/www/gis/framework/web/CController.php(266): CController->runActionWithFilters(Object(CInlineAction), Array)
#8 /var/www/gis/framework/web/CWebApplication.php(276): CController->run('getnode')
#9 /var/www/gis/framework/web/CWebApplication.php(135): CWebApplication->runController('node/getnode')
#10 /var/www/gis/framework/base/CApplication.php(162): CWebApplication->processRequest()
#11 /var/www/gis/gis/index.php(13): CApplication->run()
#12 {main}
REQUEST_URI=/gis/index.php?r=node/getnode&id=146&_dc=1345585644600
HTTP_REFERER=http://web/gis/index.php
---
